Data: 2025-13-08 16:25:15
commit feito: testando arquivos de log com o script
Arquivos e diretorio:
 └── assitant_commit
    ├── __pycache__
    │   ├── janela.cpython-310.pyc
    │   └── tree.cpython-310.pyc
    ├── janela.py
    ├── make_commit.py
    └── tree.py
2 directories, 5 files

Data: 2025-13-08 16:25:33
commit feito: testando novamente o arquivo log
Arquivos e diretorio:
 ├── assitant_commit
│   ├── __pycache__
│   │   ├── janela.cpython-310.pyc
│   │   └── tree.cpython-310.pyc
│   ├── janela.py
│   ├── make_commit.py
│   └── tree.py
└── logcommit.log
2 directories, 6 files

